03/04/2024 10:51:14 AM:ExecuteDataSet : Procedure or function 'SP_Mobile_HRMS_WebService_Leave_Approve' expects parameter '@Leave_Approval_ID', which was not supplied.
03/04/2024 10:51:14 AM:LeaveApproval : Error: Procedure or function 'SP_Mobile_HRMS_WebService_Leave_Approve' expects parameter '@Leave_Approval_ID', which was not supplied.
03/04/2024 10:51:14 AM:LeaveApproval : Error: Procedure or function 'SP_Mobile_HRMS_WebService_Leave_Approve' expects parameter '@Leave_Approval_ID', which was not supplied.
03/04/2024 10:53:42 AM:ExecuteDataSet : Procedure or function 'SP_Mobile_HRMS_WebService_Leave_Approve' expects parameter '@Leave_Period', which was not supplied.
03/04/2024 10:53:42 AM:LeaveApproval : Error: Procedure or function 'SP_Mobile_HRMS_WebService_Leave_Approve' expects parameter '@Leave_Period', which was not supplied.
03/04/2024 10:53:42 AM:LeaveApproval : Error: Procedure or function 'SP_Mobile_HRMS_WebService_Leave_Approve' expects parameter '@Leave_Period', which was not supplied.
03/04/2024 10:55:14 AM:ExecuteDataSet : Procedure or function 'SP_Mobile_HRMS_WebService_Leave_Approve' expects parameter '@Leave_AssignAs', which was not supplied.
03/04/2024 10:55:14 AM:LeaveApproval : Error: Procedure or function 'SP_Mobile_HRMS_WebService_Leave_Approve' expects parameter '@Leave_AssignAs', which was not supplied.
03/04/2024 10:55:14 AM:LeaveApproval : Error: Procedure or function 'SP_Mobile_HRMS_WebService_Leave_Approve' expects parameter '@Leave_AssignAs', which was not supplied.
03/04/2024 10:56:55 AM:ExecuteDataSet : Procedure or function 'SP_Mobile_HRMS_WebService_Leave_Approve' expects parameter '@Leave_AssignAs', which was not supplied.
03/04/2024 10:56:55 AM:LeaveApproval : Error: Procedure or function 'SP_Mobile_HRMS_WebService_Leave_Approve' expects parameter '@Leave_AssignAs', which was not supplied.
03/04/2024 10:56:55 AM:LeaveApproval : Error: Procedure or function 'SP_Mobile_HRMS_WebService_Leave_Approve' expects parameter '@Leave_AssignAs', which was not supplied.
03/04/2024 10:57:43 AM:ExecuteDataSet : Procedure or function 'SP_Mobile_HRMS_WebService_Leave_Approve' expects parameter '@Final_Approve', which was not supplied.
03/04/2024 10:57:43 AM:LeaveApproval : Error: Procedure or function 'SP_Mobile_HRMS_WebService_Leave_Approve' expects parameter '@Final_Approve', which was not supplied.
03/04/2024 10:57:43 AM:LeaveApproval : Error: Procedure or function 'SP_Mobile_HRMS_WebService_Leave_Approve' expects parameter '@Final_Approve', which was not supplied.
03/04/2024 10:58:23 AM:ExecuteDataSet : Procedure or function 'SP_Mobile_HRMS_WebService_Leave_Approve' expects parameter '@Result', which was not supplied.
03/04/2024 10:58:23 AM:LeaveApproval : Error: Procedure or function 'SP_Mobile_HRMS_WebService_Leave_Approve' expects parameter '@Result', which was not supplied.
03/04/2024 10:58:23 AM:LeaveApproval : Error: Procedure or function 'SP_Mobile_HRMS_WebService_Leave_Approve' expects parameter '@Result', which was not supplied.
03/04/2024 10:58:57 AM:LeaveApproval : Index was outside the bounds of the array.
03/04/2024 11:00:39 AM:LeaveApproval : Index was outside the bounds of the array.
